2022-09-12 22:42:51,120 (custom models) DEBUG  user 4shivayash registred successfully
2022-09-12 22:43:00,836 (custom models) DEBUG User is successfully logged in

2022-09-12 23:34:27,192 (auth models) DEBUG  User vinayak registred successfully
2022-09-12 23:34:48,767 (auth models) DEBUG User vinayak logged in successfully 

2022-09-13 22:42:44,821 (customised auth models) DEBUG  User shivaraj registered successfully
2022-09-13 22:44:54,315 (customised auth models) DEBUG User shivaraj logged in successfully

2022-09-14 23:59:32,576 (Class Based view with serialisation) DEBUG User chethana logged in successfully
2022-09-15 00:00:25,588 (Class Based view with serialisation) DEBUG User chethana logged in successfully

2022-09-15 17:01:07,204 (CRUD Operation for Note) INFO {'id': 3, 'title': 'paracetomal', 'description': 'description-3', 'user': 3}
2022-09-15 17:01:07,207 (CRUD Operation for Note) DEBUG {'message': 'Note created successfully'}
2022-09-15 17:02:13,397 (CRUD Operation for Note) INFO [OrderedDict([('id', 3), ('title', 'paracetomal'), ('description', 'description-3'), ('user', 3)])]
2022-09-15 17:02:13,398 (CRUD Operation for Note) DEBUG {'message': 'Note retrieved successfully'}
2022-09-15 17:02:49,973 (CRUD Operation for Note) INFO {'id': 3, 'title': 'para-cetomaol-updated', 'description': 'description-updated', 'user': 3}
2022-09-15 17:02:49,974 (CRUD Operation for Note) DEBUG {'message': 'Note updated successfully'}
2022-09-15 17:03:08,006 (CRUD Operation for Note) DEBUG {'message': 'Note deleted successfully'}
2022-09-19 23:25:12,428 django.utils.autoreload INFO D:\CFP_Assignment\CFP_FundooNotes\users_app\views.py changed, reloading.
2022-09-19 23:33:35,545 (Class Based view with serialisation) ERROR {'username': [ErrorDetail(string='This field is required.', code='required')], 'password': [ErrorDetail(string='This field is required.', code='required')]}
2022-09-19 23:33:35,547 django.request WARNING Bad Request: /user/register/
2022-09-19 23:33:51,567 (Class Based view with serialisation) ERROR {'username': [ErrorDetail(string='A user with that username already exists.', code='unique')], 'password': [ErrorDetail(string='This field is required.', code='required')]}
2022-09-19 23:33:51,569 django.request WARNING Bad Request: /user/register/
2022-09-19 23:33:58,330 (Class Based view with serialisation) ERROR {'username': [ErrorDetail(string='A user with that username already exists.', code='unique')]}
2022-09-19 23:33:58,331 django.request WARNING Bad Request: /user/register/
2022-09-19 23:34:16,013 (Class Based view with serialisation) ERROR audioop.reverse() takes no keyword arguments
2022-09-19 23:34:16,014 django.request WARNING Bad Request: /user/register/
2022-09-19 23:39:19,241 django.utils.autoreload INFO D:\CFP_Assignment\CFP_FundooNotes\fundoo_notes\settings.py changed, reloading.
2022-09-19 23:42:19,306 django.utils.autoreload INFO D:\CFP_Assignment\CFP_FundooNotes\fundoo_notes\urls.py changed, reloading.
2022-09-19 23:48:00,420 django.utils.autoreload INFO D:\CFP_Assignment\CFP_FundooNotes\fundoo_notes\urls.py changed, reloading.
2022-09-19 23:49:34,138 django.utils.autoreload INFO D:\CFP_Assignment\CFP_FundooNotes\fundoo_notes\urls.py changed, reloading.
2022-09-19 23:50:03,916 django.utils.autoreload INFO D:\CFP_Assignment\CFP_FundooNotes\fundoo_notes\urls.py changed, reloading.
2022-09-19 23:52:45,081 django.utils.autoreload INFO D:\CFP_Assignment\CFP_FundooNotes\fundoo_notes\settings.py changed, reloading.
2022-09-19 23:52:53,096 django.utils.autoreload INFO D:\CFP_Assignment\CFP_FundooNotes\fundoo_notes\urls.py changed, reloading.
2022-09-19 23:52:54,896 django.utils.autoreload INFO D:\CFP_Assignment\CFP_FundooNotes\fundoo_notes\urls.py changed, reloading.
2022-09-19 23:54:20,852 (Class Based view with serialisation) ERROR {'username': [ErrorDetail(string='A user with that username already exists.', code='unique')]}
2022-09-19 23:54:20,854 django.request WARNING Bad Request: /user/register/
2022-09-19 23:54:29,966 (Class Based view with serialisation) ERROR audioop.reverse() takes no keyword arguments
2022-09-19 23:54:29,967 django.request WARNING Bad Request: /user/register/
2022-09-19 23:56:31,629 django.utils.autoreload INFO D:\CFP_Assignment\CFP_FundooNotes\users_app\views.py changed, reloading.
2022-09-19 23:56:31,986 django.utils.autoreload INFO D:\CFP_Assignment\CFP_FundooNotes\users_app\views.py changed, reloading.
2022-09-19 23:56:33,910 django.utils.autoreload INFO D:\CFP_Assignment\CFP_FundooNotes\users_app\views.py changed, reloading.
2022-09-19 23:56:34,541 django.utils.autoreload INFO D:\CFP_Assignment\CFP_FundooNotes\users_app\views.py changed, reloading.
2022-09-19 23:56:38,812 django.utils.autoreload INFO D:\CFP_Assignment\CFP_FundooNotes\users_app\views.py changed, reloading.
2022-09-19 23:56:39,453 django.utils.autoreload INFO D:\CFP_Assignment\CFP_FundooNotes\users_app\views.py changed, reloading.
2022-09-19 23:56:45,811 django.utils.autoreload INFO D:\CFP_Assignment\CFP_FundooNotes\users_app\apps.py changed, reloading.
2022-09-19 23:56:46,514 django.utils.autoreload INFO D:\CFP_Assignment\CFP_FundooNotes\users_app\apps.py changed, reloading.
2022-09-19 23:56:50,272 (Class Based view with serialisation) ERROR {'username': [ErrorDetail(string='A user with that username already exists.', code='unique')]}
2022-09-19 23:56:50,273 django.request WARNING Bad Request: /user/register/
2022-09-19 23:57:00,598 (Class Based view with serialisation) ERROR (534, b'5.7.9 Application-specific password required. Learn more at\n5.7.9  https://support.google.com/mail/?p=InvalidSecondFactor 21-20020a170902c21500b0016edd557412sm20930642pll.201 - gsmtp')
2022-09-19 23:57:00,599 django.request WARNING Bad Request: /user/register/
2022-09-19 23:57:43,805 (Class Based view with serialisation) ERROR {'username': [ErrorDetail(string='A user with that username already exists.', code='unique')]}
2022-09-19 23:57:43,806 django.request WARNING Bad Request: /user/register/
2022-09-19 23:57:51,971 (Class Based view with serialisation) ERROR (534, b'5.7.9 Application-specific password required. Learn more at\n5.7.9  https://support.google.com/mail/?p=InvalidSecondFactor l4-20020a17090b078400b002002f9eb8c4sm7134017pjz.12 - gsmtp')
2022-09-19 23:57:51,973 django.request WARNING Bad Request: /user/register/
2022-09-19 23:58:15,815 (Class Based view with serialisation) ERROR (534, b'5.7.9 Application-specific password required. Learn more at\n5.7.9  https://support.google.com/mail/?p=InvalidSecondFactor q5-20020aa79605000000b0053ebe7ffddcsm20713282pfg.116 - gsmtp')
2022-09-19 23:58:15,817 django.request WARNING Bad Request: /user/register/
2022-09-19 23:59:32,030 (Class Based view with serialisation) ERROR (534, b'5.7.9 Application-specific password required. Learn more at\n5.7.9  https://support.google.com/mail/?p=InvalidSecondFactor w68-20020a626247000000b0054095e1b2e5sm20569791pfb.215 - gsmtp')
2022-09-19 23:59:32,032 django.request WARNING Bad Request: /user/register/
2022-09-20 00:08:20,357 (Class Based view with serialisation) ERROR (534, b'5.7.9 Application-specific password required. Learn more at\n5.7.9  https://support.google.com/mail/?p=InvalidSecondFactor 8-20020a621908000000b005360da6b26bsm4442469pfz.159 - gsmtp')
2022-09-20 00:08:20,359 django.request WARNING Bad Request: /user/register/
2022-09-20 00:08:53,378 django.utils.autoreload INFO D:\CFP_Assignment\CFP_FundooNotes\fundoo_notes\settings.py changed, reloading.
2022-09-20 00:08:53,399 django.utils.autoreload INFO D:\CFP_Assignment\CFP_FundooNotes\fundoo_notes\settings.py changed, reloading.
2022-09-20 00:09:02,732 (Class Based view with serialisation) ERROR {'username': [ErrorDetail(string='A user with that username already exists.', code='unique')]}
2022-09-20 00:09:02,734 django.request WARNING Bad Request: /user/register/
2022-09-20 00:22:30,751 django.utils.autoreload INFO D:\CFP_Assignment\CFP_FundooNotes\users_app\views.py changed, reloading.
2022-09-20 00:22:30,753 django.utils.autoreload INFO D:\CFP_Assignment\CFP_FundooNotes\users_app\views.py changed, reloading.
2022-09-20 00:23:14,993 django.utils.autoreload INFO D:\CFP_Assignment\CFP_FundooNotes\fundoo_notes\settings.py changed, reloading.
2022-09-20 00:23:16,025 django.utils.autoreload INFO D:\CFP_Assignment\CFP_FundooNotes\fundoo_notes\settings.py changed, reloading.
2022-09-20 00:29:24,324 django.utils.autoreload INFO D:\CFP_Assignment\CFP_FundooNotes\fundoo_notes\settings.py changed, reloading.
2022-09-20 00:29:24,924 django.utils.autoreload INFO D:\CFP_Assignment\CFP_FundooNotes\fundoo_notes\settings.py changed, reloading.
2022-09-20 00:29:24,937 django.utils.autoreload INFO D:\CFP_Assignment\CFP_FundooNotes\fundoo_notes\settings.py changed, reloading.
2022-09-20 00:41:01,191 django.request WARNING Not Found: /favicon.ico
2022-09-20 00:41:18,266 django.utils.autoreload INFO D:\CFP_Assignment\CFP_FundooNotes\users_app\views.py changed, reloading.
2022-09-20 03:19:22,289 django.request WARNING Not Found: /favicon.ico
2022-09-20 12:19:55,087 django.utils.autoreload INFO D:\CFP_Assignment\CFP_FundooNotes\users_app\views.py changed, reloading.
2022-09-20 12:20:16,646 django.utils.autoreload INFO D:\CFP_Assignment\CFP_FundooNotes\users_app\views.py changed, reloading.
2022-09-20 12:24:45,415 django.utils.autoreload INFO D:\CFP_Assignment\CFP_FundooNotes\users_app\jwt_service.py changed, reloading.
2022-09-20 12:26:09,024 django.utils.autoreload INFO D:\CFP_Assignment\CFP_FundooNotes\users_app\jwt_service.py changed, reloading.
2022-09-20 12:32:38,140 django.utils.autoreload INFO D:\CFP_Assignment\CFP_FundooNotes\users_app\views.py changed, reloading.
2022-09-20 12:35:35,101 django.request WARNING Not Found: /favicon.ico
2022-09-20 12:36:14,440 django.utils.autoreload INFO D:\CFP_Assignment\CFP_FundooNotes\users_app\views.py changed, reloading.
2022-09-20 16:11:19,045 django.request WARNING Not Found: /favicon.ico
2022-09-20 16:26:54,475 django.utils.autoreload INFO D:\CFP_Assignment\CFP_FundooNotes\fundoo_notes\settings.py changed, reloading.
2022-09-20 16:29:11,713 django.utils.autoreload INFO D:\CFP_Assignment\CFP_FundooNotes\users_app\models.py changed, reloading.
2022-09-20 16:42:26,427 django.request WARNING Not Found: /favicon.ico
2022-09-20 16:42:45,247 django.utils.autoreload INFO D:\CFP_Assignment\CFP_FundooNotes\users_app\models.py changed, reloading.
2022-09-20 16:42:45,472 django.utils.autoreload INFO D:\CFP_Assignment\CFP_FundooNotes\users_app\models.py changed, reloading.
2022-09-20 16:46:56,515 django.utils.autoreload INFO D:\CFP_Assignment\CFP_FundooNotes\users_app\models.py changed, reloading.
2022-09-20 16:52:45,278 django.utils.autoreload INFO D:\CFP_Assignment\CFP_FundooNotes\users_app\models.py changed, reloading.
2022-09-20 16:53:42,916 django.utils.autoreload INFO D:\CFP_Assignment\CFP_FundooNotes\users_app\views.py changed, reloading.
2022-09-20 17:08:59,270 django.utils.autoreload INFO D:\CFP_Assignment\CFP_FundooNotes\users_app\views.py changed, reloading.
2022-09-20 17:09:31,050 django.utils.autoreload INFO D:\CFP_Assignment\CFP_FundooNotes\users_app\views.py changed, reloading.
2022-09-20 17:10:16,274 django.utils.autoreload INFO D:\CFP_Assignment\CFP_FundooNotes\users_app\views.py changed, reloading.
2022-09-20 17:15:40,368 django.utils.autoreload INFO D:\CFP_Assignment\CFP_FundooNotes\users_app\views.py changed, reloading.
2022-09-20 17:21:46,549 django.utils.autoreload INFO D:\CFP_Assignment\CFP_FundooNotes\users_app\jwt_service.py changed, reloading.
2022-09-20 17:50:47,965 django.utils.autoreload INFO D:\CFP_Assignment\CFP_FundooNotes\users_app\views.py changed, reloading.
2022-09-20 17:51:00,190 django.utils.autoreload INFO D:\CFP_Assignment\CFP_FundooNotes\users_app\views.py changed, reloading.
2022-09-20 17:51:27,083 django.utils.autoreload INFO D:\CFP_Assignment\CFP_FundooNotes\users_app\views.py changed, reloading.
2022-09-20 17:55:42,906 django.utils.autoreload INFO D:\CFP_Assignment\CFP_FundooNotes\users_app\views.py changed, reloading.
2022-09-20 17:56:11,367 django.utils.autoreload INFO D:\CFP_Assignment\CFP_FundooNotes\users_app\views.py changed, reloading.
2022-09-20 17:56:26,649 django.utils.autoreload INFO D:\CFP_Assignment\CFP_FundooNotes\users_app\views.py changed, reloading.
2022-09-20 17:56:56,678 django.utils.autoreload INFO D:\CFP_Assignment\CFP_FundooNotes\users_app\views.py changed, reloading.
2022-09-20 17:57:39,915 django.utils.autoreload INFO D:\CFP_Assignment\CFP_FundooNotes\users_app\views.py changed, reloading.
2022-09-20 17:57:49,015 django.utils.autoreload INFO D:\CFP_Assignment\CFP_FundooNotes\users_app\views.py changed, reloading.
2022-09-20 17:58:43,252 (Class Based view with serialisation) ERROR 'User' object has no attribute 'token'
2022-09-20 17:58:43,253 django.request WARNING Bad Request: /user/login/
2022-09-20 17:59:19,874 django.utils.autoreload INFO D:\CFP_Assignment\CFP_FundooNotes\users_app\models.py changed, reloading.
2022-09-20 17:59:20,329 django.utils.autoreload INFO D:\CFP_Assignment\CFP_FundooNotes\users_app\models.py changed, reloading.
2022-09-20 18:00:29,021 django.utils.autoreload INFO D:\CFP_Assignment\CFP_FundooNotes\users_app\models.py changed, reloading.
2022-09-20 18:00:29,515 django.utils.autoreload INFO D:\CFP_Assignment\CFP_FundooNotes\users_app\models.py changed, reloading.
2022-09-20 18:01:53,599 django.utils.autoreload INFO D:\CFP_Assignment\CFP_FundooNotes\users_app\models.py changed, reloading.
2022-09-20 18:03:55,327 django.utils.autoreload INFO D:\CFP_Assignment\CFP_FundooNotes\users_app\views.py changed, reloading.
2022-09-20 18:04:53,080 django.utils.autoreload INFO D:\CFP_Assignment\CFP_FundooNotes\users_app\models.py changed, reloading.
2022-09-20 18:05:54,832 django.utils.autoreload INFO D:\CFP_Assignment\CFP_FundooNotes\users_app\models.py changed, reloading.
2022-09-20 18:05:55,186 django.utils.autoreload INFO D:\CFP_Assignment\CFP_FundooNotes\users_app\models.py changed, reloading.
2022-09-20 18:08:10,220 django.utils.autoreload INFO D:\CFP_Assignment\CFP_FundooNotes\users_app\models.py changed, reloading.
2022-09-20 18:08:10,315 django.utils.autoreload INFO D:\CFP_Assignment\CFP_FundooNotes\users_app\models.py changed, reloading.
2022-09-20 18:15:55,089 django.utils.autoreload INFO D:\CFP_Assignment\CFP_FundooNotes\users_app\views.py changed, reloading.
2022-09-20 18:15:55,629 django.utils.autoreload INFO D:\CFP_Assignment\CFP_FundooNotes\users_app\views.py changed, reloading.
2022-09-20 18:15:55,723 django.utils.autoreload INFO D:\CFP_Assignment\CFP_FundooNotes\users_app\views.py changed, reloading.
2022-09-20 18:16:46,413 django.utils.autoreload INFO D:\CFP_Assignment\CFP_FundooNotes\users_app\views.py changed, reloading.
2022-09-20 18:16:46,461 django.utils.autoreload INFO D:\CFP_Assignment\CFP_FundooNotes\users_app\views.py changed, reloading.
2022-09-20 18:16:46,698 django.utils.autoreload INFO D:\CFP_Assignment\CFP_FundooNotes\users_app\views.py changed, reloading.
